<?xml version="1.0" encoding="UTF-8"?>
<!-- Generated by org.testng.reporters.JUnitReportReporter -->
<testsuite skipped="0" hostname="Tanushree" name="myTest" tests="1" failures="0" timestamp="17 Jan 2018 20:38:14 GMT" time="13.181" errors="0">
  <testcase name="f" time="13.181" classname="myTest"/>
</testsuite> <!-- myTest -->
